<?xml version="1.0" encoding="UTF-8"?>
<testsuite name="tinkoff.tests.LookingForVacancyOfQATest" tests="1" skipped="0" failures="1" errors="0" timestamp="2023-09-18T19:43:37" hostname="WIN-VNKFU8S8K4U" time="11.037">
  <properties/>
  <testcase name="lookingVacancyTest()" classname="tinkoff.tests.LookingForVacancyOfQATest" time="11.037">
    <failure message="Invalid element state [by text: Middle]: element click intercepted: Element &lt;td class=&quot;gM3bvP&quot; data-qa-type=&quot;uikit/table.tableCell&quot; style=&quot;width: 368px;&quot;&gt;...&lt;/td&gt; is not clickable at point (948, 508). Other element would receive the click: &lt;span class=&quot;iHY1Xg&quot;&gt;...&lt;/span&gt;&#13;&#10;Screenshot: file:/D:/Users/user/IdeaProjects/HomeWork15/build/reports/tests/1695066226073.0.png&#13;&#10;Page source: file:/D:/Users/user/IdeaProjects/HomeWork15/build/reports/tests/1695066226073.0.html&#13;&#10;Timeout: 4 s.&#13;&#10;Caused by: ElementClickInterceptedException: element click intercepted: Element &lt;td class=&quot;gM3bvP&quot; data-qa-type=&quot;uikit/table.tableCell&quot; style=&quot;width: 368px;&quot;&gt;...&lt;/td&gt; is not clickable at point (948, 508). Other element would receive the click: &lt;span class=&quot;iHY1Xg&quot;&gt;...&lt;/span&gt;" type="com.codeborne.selenide.ex.InvalidStateException">Invalid element state [by text: Middle]: element click intercepted: Element &lt;td class=&quot;gM3bvP&quot; data-qa-type=&quot;uikit/table.tableCell&quot; style=&quot;width: 368px;&quot;&gt;...&lt;/td&gt; is not clickable at point (948, 508). Other element would receive the click: &lt;span class=&quot;iHY1Xg&quot;&gt;...&lt;/span&gt;
Screenshot: file:/D:/Users/user/IdeaProjects/HomeWork15/build/reports/tests/1695066226073.0.png
Page source: file:/D:/Users/user/IdeaProjects/HomeWork15/build/reports/tests/1695066226073.0.html
Timeout: 4 s.
Caused by: ElementClickInterceptedException: element click intercepted: Element &lt;td class=&quot;gM3bvP&quot; data-qa-type=&quot;uikit/table.tableCell&quot; style=&quot;width: 368px;&quot;&gt;...&lt;/td&gt; is not clickable at point (948, 508). Other element would receive the click: &lt;span class=&quot;iHY1Xg&quot;&gt;...&lt;/span&gt;
	at app//com.codeborne.selenide.impl.ExceptionWrapper.wrap(ExceptionWrapper.java:26)
	at app//com.codeborne.selenide.impl.SelenideElementProxy.dispatchAndRetry(SelenideElementProxy.java:154)
	at app//com.codeborne.selenide.impl.SelenideElementProxy.invoke(SelenideElementProxy.java:84)
	at app/jdk.proxy3/jdk.proxy3.$Proxy18.click(Unknown Source)
	at app//tinkoff.tests.LookingForVacancyOfQATest.lookingVacancyTest(LookingForVacancyOfQATest.java:26)
	at java.base@18.0.2/java.lang.reflect.Method.invoke(Method.java:577)
	at java.base@18.0.2/java.util.ArrayList.forEach(ArrayList.java:1511)
	at java.base@18.0.2/java.util.ArrayList.forEach(ArrayList.java:1511)
Caused by: org.openqa.selenium.ElementClickInterceptedException: element click intercepted: Element &lt;td class=&quot;gM3bvP&quot; data-qa-type=&quot;uikit/table.tableCell&quot; style=&quot;width: 368px;&quot;&gt;...&lt;/td&gt; is not clickable at point (948, 508). Other element would receive the click: &lt;span class=&quot;iHY1Xg&quot;&gt;...&lt;/span&gt;
  (Session info: chrome=100.0.4896.60)
Build info: version: '4.10.0', revision: 'c14d967899'
System info: os.name: 'Windows 10', os.arch: 'amd64', os.version: '10.0', java.version: '18.0.2'
Driver info: org.openqa.selenium.remote.RemoteWebDriver
Command: [83f46216335855c27eacdf75de02ad3b, clickElement {id=5b108471-0e43-4388-88db-628fa98e2945}]
Capabilities {acceptInsecureCerts: true, browserName: chrome, browserVersion: 100.0.4896.60, chrome: {chromedriverVersion: 100.0.4896.20 (f9d71f93d32a..., userDataDir: /tmp/.com.google.Chrome.75Hxaa}, goog:chromeOptions: {debuggerAddress: localhost:45693}, networkConnectionEnabled: false, pageLoadStrategy: eager, platformName: linux, proxy: Proxy(), setWindowRect: true, strictFileInteractability: false, timeouts: {implicit: 0, pageLoad: 300000, script: 30000}, unhandledPromptBehavior: accept, webauthn:extension:credBlob: true, webauthn:extension:largeBlob: true, webauthn:virtualAuthenticators: true}
Element: [[RemoteWebDriver: chrome on linux (83f46216335855c27eacdf75de02ad3b)] -&gt; xpath: .//*/text()[normalize-space(translate(string(.), '	
Â ', '    ')) = &quot;Middle&quot;]/parent::*]
Session ID: 83f46216335855c27eacdf75de02ad3b
	at java.base@18.0.2/jdk.internal.reflect.DirectConstructorHandleAccessor.newInstance(DirectConstructorHandleAccessor.java:67)
	at java.base@18.0.2/java.lang.reflect.Constructor.newInstanceWithCaller(Constructor.java:499)
	at java.base@18.0.2/java.lang.reflect.Constructor.newInstance(Constructor.java:483)
	at app//org.openqa.selenium.remote.codec.w3c.W3CHttpResponseCodec.createException(W3CHttpResponseCodec.java:199)
	at app//org.openqa.selenium.remote.codec.w3c.W3CHttpResponseCodec.decode(W3CHttpResponseCodec.java:132)
	at app//org.openqa.selenium.remote.codec.w3c.W3CHttpResponseCodec.decode(W3CHttpResponseCodec.java:51)
	at app//org.openqa.selenium.remote.HttpCommandExecutor.execute(HttpCommandExecutor.java:191)
	at app//org.openqa.selenium.remote.RemoteWebDriver.execute(RemoteWebDriver.java:531)
	at app//org.openqa.selenium.remote.RemoteWebElement.execute(RemoteWebElement.java:242)
	at app//org.openqa.selenium.remote.RemoteWebElement.click(RemoteWebElement.java:77)
	at app//com.codeborne.selenide.commands.Click.defaultClick(Click.java:97)
	at app//com.codeborne.selenide.commands.Click.click(Click.java:54)
	at app//com.codeborne.selenide.commands.Click.execute(Click.java:31)
	at app//com.codeborne.selenide.commands.Click.execute(Click.java:21)
	at app//com.codeborne.selenide.commands.Commands.execute(Commands.java:162)
	at app//com.codeborne.selenide.impl.SelenideElementProxy.dispatchAndRetry(SelenideElementProxy.java:132)
	... 6 more
</failure>
  </testcase>
  <system-out><![CDATA[]]></system-out>
  <system-err><![CDATA[[Test worker] INFO com.codeborne.selenide.impl.WebDriverThreadLocalContainer - No webdriver is bound to current thread: 1 - let's create a new webdriver
[Test worker] INFO com.codeborne.selenide.webdriver.WebDriverFactory - BrowserName=chrome Version=100.0.4896.60 Platform=linux
[Test worker] INFO com.codeborne.selenide.webdriver.WebDriverFactory - Selenide v. 6.16.0
[Test worker] INFO com.codeborne.selenide.webdriver.WebDriverFactory - Selenium WebDriver v. 4.10.0 build revision: c14d967899
[Test worker] INFO com.codeborne.selenide.drivercommands.CreateDriverCommand - Created webdriver in thread 1: RemoteWebDriver -> RemoteWebDriver: chrome on linux (83f46216335855c27eacdf75de02ad3b)
[Test worker] INFO com.codeborne.selenide.drivercommands.DisposablesRegistry - Register WebDriverInstance[config=StaticConfig,webDriver=RemoteWebDriver: chrome on linux (83f46216335855c27eacdf75de02ad3b),proxy=null,downloadsFolder=null] in 1 [size=1]
[Test worker] INFO com.codeborne.selenide.drivercommands.DisposablesRegistry - Add shutdown hook in 1 [size=1]
[Test worker] INFO com.codeborne.selenide.drivercommands.CloseDriverCommand - Close webdriver: 1 -> RemoteWebDriver: chrome on linux (83f46216335855c27eacdf75de02ad3b)...
[Test worker] INFO com.codeborne.selenide.drivercommands.CloseDriverCommand - Closed webdriver 1 in 132 ms
[Test worker] INFO com.codeborne.selenide.drivercommands.DisposablesRegistry - Unregister WebDriverInstance[config=StaticConfig,webDriver=RemoteWebDriver: chrome on linux (null),proxy=null,downloadsFolder=null] in 1 [size=0]
]]></system-err>
</testsuite>
